c:\users\andre\desktop\cgj\project\project\cgj\intermediate\x64\debug\vc142.pdb
c:\users\andre\desktop\cgj\project\project\cgj\intermediate\x64\debug\vc142.idb
c:\users\andre\desktop\cgj\project\project\cgj\intermediate\x64\debug\vector.obj
c:\users\andre\desktop\cgj\project\project\cgj\intermediate\x64\debug\startingopengl.obj
c:\users\andre\desktop\cgj\project\project\cgj\intermediate\x64\debug\shader.obj
c:\users\andre\desktop\cgj\project\project\cgj\intermediate\x64\debug\matrix.obj
c:\users\andre\desktop\cgj\project\project\cgj\intermediate\x64\debug\camera.obj
c:\users\andre\desktop\cgj\project\bin\x64\cgj.exe
c:\users\andre\desktop\cgj\project\bin\x64\cgj.ilk
c:\users\andre\desktop\cgj\project\bin\x64\cgj.pdb
c:\users\andre\desktop\cgj\project\project\cgj\intermediate\x64\debug\startingopengl.new.obj.enc
c:\users\andre\desktop\cgj\project\project\\..\bin\x64\cgj.pdb
c:\users\andre\desktop\cgj\project\project\\..\bin\x64\cgj.exe
c:\users\andre\desktop\cgj\project\project\\..\bin\x64\cgj.ilk
c:\users\andre\desktop\cgj\project\project\cgj\intermediate\x64\debug\cgj.tlog\cl.command.1.tlog
c:\users\andre\desktop\cgj\project\project\cgj\intermediate\x64\debug\cgj.tlog\cl.read.1.tlog
c:\users\andre\desktop\cgj\project\project\cgj\intermediate\x64\debug\cgj.tlog\cl.write.1.tlog
c:\users\andre\desktop\cgj\project\project\cgj\intermediate\x64\debug\cgj.tlog\link.command.1.tlog
c:\users\andre\desktop\cgj\project\project\cgj\intermediate\x64\debug\cgj.tlog\link.read.1.tlog
c:\users\andre\desktop\cgj\project\project\cgj\intermediate\x64\debug\cgj.tlog\link.write.1.tlog
